#
# A fatal error has been detected by the Java Runtime Environment:
#
#  SIGBUS (0x7) at pc=0x00007f865b464156, pid=11858, tid=0x00007f865837c700
#
# JRE version: OpenJDK Runtime Environment (8.0_152-b01) (build 1.8.0_152-release-1024-b01)
# Java VM: OpenJDK 64-Bit Server VM (25.152-b01 mixed mode linux-amd64 compressed oops)
# Problematic frame:
# C  [libc.so.6+0x14e156]
#
# Failed to write core dump. Core dumps have been disabled. To enable core dumping, try "ulimit -c unlimited" before starting Java again
#
# If you would like to submit a bug report, please visit:
#   http://bugreport.java.com/bugreport/crash.jsp
#

---------------  T H R E A D  ---------------

Current thread (0x00007f8654020800):  GCTaskThread [stack: 0x00007f865827c000,0x00007f865837d000] [id=11861]

siginfo: si_signo: 7 (SIGBUS), si_code: 2 (BUS_ADRERR), si_addr: 0x00000000ede11000

Registers:
RAX=0x00000000ede10c28, RBX=0x00000000e6fec310, RCX=0x0000000000000438, RDX=0x0000000000000810
RSP=0x00007f865837bca8, RBP=0x00007f865837bd10, RSI=0x00000000e6fec6e8, RDI=0x00000000ede11000
R8 =0x0000000000000001, R9 =0x00007f8654076398, R10=0x0000000000000102, R11=0x00007f865aec6960
R12=0x0000000000000102, R13=0x0000000000000000, R14=0x00007f8654076300, R15=0x00000000ede10c28
RIP=0x00007f865b464156, EFLAGS=0x0000000000010283, CSGSFS=0x002b000000000033, ERR=0x0000000000000006
  TRAPNO=0x000000000000000e

Top of Stack: (sp=0x00007f865837bca8)
0x00007f865837bca8:   00007f865a8ab7af 00007f865837bd10
0x00007f865837bcb8:   00007f865a5d2a81 00007f865837bd10
0x00007f865837bcc8:   0000000000000001 00000000ede10b30
0x00007f865837bcd8:   0000000000001000 00007f865837bda0
0x00007f865837bce8:   00007f8654076300 00000000ede10c10
0x00007f865837bcf8:   0000000000000001 00007f8654076398
0x00007f865837bd08:   00007f865ae9ccb0 00007f865837bd80
0x00007f865837bd18:   00007f865a8aaed8 00007f865837bd80
0x00007f865837bd28:   00007f8654076368 000068c400003502
0x00007f865837bd38:   00000000ed3bfc50 000068c400003503
0x00007f865837bd48:   00007f865a8aec6a 0000000000000200
0x00007f865837bd58:   0000000000000000 00007f865837bdb0
0x00007f865837bd68:   00007f865837bdc0 0000000000000000
0x00007f865837bd78:   00007f8654076bf0 00007f865837be00
0x00007f865837bd88:   00007f865a8aefba 00007f865ae9ccb0
0x00007f865837bd98:   00000000ecdb05d0 00007f8614068f10
0x00007f865837bda8:   00007f8654076300 00007f861850cadb
0x00007f865837bdb8:   00007f865a802ceb 00000000ecdb05d1
0x00007f865837bdc8:   00007f8654020380 00007f865837be00
0x00007f865837bdd8:   0000000000000001 00007f8614068f10
0x00007f865837bde8:   00007f865aa5d929 00007f8654020800
0x00007f865837bdf8:   00007f865aebb708 00007f865837bf10
0x00007f865837be08:   00007f865a570ef2 00000000000003d8
0x00007f865837be18:   00007f8654021528 00007f8654021150
0x00007f865837be28:   00007f865837bea0 00007f8654021100
0x00007f865837be38:   00007f8654021140 00007f865837be50
0x00007f865837be48:   0000000000000000 0000000000000000
0x00007f865837be58:   00007f8654021d00 00007f8654020800
0x00007f865837be68:   00007f8654021530 00007f8654021570
0x00007f865837be78:   00007f8654021580 00007f8654021658
0x00007f865837be88:   00000000000000d8 00007f8654021790
0x00007f865837be98:   00007f8654022100 00007f8654020800 

Instructions: (pc=0x00007f865b464156)
0x00007f865b464136:   89 c0 c3 0f 1f 80 00 00 00 00 48 8b 0d 91 60 27
0x00007f865b464146:   00 48 c1 e1 03 48 39 ca 73 10 48 89 d1 48 89 d1
0x00007f865b464156:   f3 a4 c3 0f 1f 80 00 00 00 00 48 8d 0c 16 c5 fe
0x00007f865b464166:   6f 26 c5 fa 6f 6c 16 80 c5 fa 6f 71 90 c5 fa 6f 

Register to memory mapping:

RAX=0x00000000ede10c28 is an oop
[Ljava.util.concurrent.ConcurrentHashMap$Node; 
 - klass: 'java/util/concurrent/ConcurrentHashMap$Node'[]
 - length: 512
RBX=0x00000000e6fec310 is an oop
[Ljava.util.concurrent.ConcurrentHashMap$Node; 
 - klass: 'java/util/concurrent/ConcurrentHashMap$Node'[]
 - length: 512
RCX=0x0000000000000438 is an unknown value
RDX=0x0000000000000810 is an unknown value
RSP=0x00007f865837bca8 is an unknown value
RBP=0x00007f865837bd10 is an unknown value
RSI=0x00000000e6fec6e8 is an oop
